2048
ms:6410.7
sum:1.07665e+06
ms:6518.56
sum:1.07665e+06
ms:6508.48
sum:1.07665e+06
2047
ms:6544.91
sum:-646388
ms:6538.46
sum:-646388
ms:6541.51
sum:-646388
1024
ms:810.272
sum:-771972
ms:801.336
sum:-771972
ms:800.748
sum:-771972
512
ms:100.403
sum:-842284
ms:100.783
sum:-842284
ms:100.65
sum:-842284
256
ms:8.18621
sum:273114
ms:8.24933
sum:273114
ms:8.11698
sum:273114
128
ms:0.473109
sum:-26449.9
ms:0.609114
sum:-26449.9
ms:0.431659
sum:-26449.9
4096
ms:53496.4
sum:-8.8051e+06
ms:54385.6
sum:-8.8051e+06
ms:54441.9
sum:-8.8051e+06
8192
ms:660814
sum:266833
ms:650269
sum:266833
ms:652200
sum:266833
12288
ms:1.59741e+06
sum:-6.73889e+07
ms:1.54718e+06
sum:-6.73889e+07
ms:1.87779e+06
sum:-6.73889e+07
