2048
ms:2944.37
sum:1.07665e+06
ms:3131
sum:1.07665e+06
ms:3154.6
sum:1.07665e+06
ms:3238.89
sum:1.07665e+06
ms:3084.58
sum:1.07665e+06
ms:3256.15
sum:1.07665e+06
ms:3261.15
sum:1.07665e+06
ms:3187.92
sum:1.07665e+06
ms:3282.43
sum:1.07665e+06
2047
ms:7628.41
sum:-646388
ms:7526.01
sum:-646388
ms:7567.62
sum:-646388
ms:7578.35
sum:-646388
ms:7503.86
sum:-646388
ms:7571.56
sum:-646388
ms:7473.6
sum:-646388
ms:7378.93
sum:-646388
ms:7284.96
sum:-646388
1024
ms:350.441
sum:-771972
ms:346.253
sum:-771972
ms:347.962
sum:-771972
ms:350.142
sum:-771972
ms:355.272
sum:-771972
ms:348.207
sum:-771972
ms:356.516
sum:-771972
ms:351.624
sum:-771972
ms:350.821
sum:-771972
512
ms:44.2591
sum:-842284
ms:44.2429
sum:-842284
ms:44.0106
sum:-842284
ms:44.4134
sum:-842284
ms:43.5997
sum:-842284
ms:43.571
sum:-842284
ms:44.2445
sum:-842284
ms:44.2137
sum:-842284
ms:43.352
sum:-842284
256
ms:8.69163
sum:273114
ms:7.9769
sum:273114
ms:5.76847
sum:273114
ms:5.76474
sum:273114
ms:5.80975
sum:273114
ms:5.89281
sum:273114
ms:5.71964
sum:273114
ms:5.7969
sum:273114
ms:5.86528
sum:273114
128
ms:0.628366
sum:-26449.9
ms:0.601075
sum:-26449.9
ms:0.613261
sum:-26449.9
ms:0.616015
sum:-26449.9
ms:0.621206
sum:-26449.9
ms:0.53893
sum:-26449.9
ms:0.512202
sum:-26449.9
ms:0.52713
sum:-26449.9
ms:0.64226
sum:-26449.9
