2048
ms:2825.21
sum:1.07665e+06
ms:2830.16
sum:1.07665e+06
ms:2824.72
sum:1.07665e+06
2047
ms:7444.48
sum:-646388
ms:7474.82
sum:-646388
ms:7513.03
sum:-646388
1024
ms:353.833
sum:-771972
ms:355.909
sum:-771972
ms:353.76
sum:-771972
512
ms:45.1866
sum:-842284
ms:44.3677
sum:-842284
ms:44.1025
sum:-842284
256
ms:4.7221
sum:273114
ms:4.79431
sum:273114
ms:4.77532
sum:273114
128
ms:0.500955
sum:-26449.9
ms:0.51903
sum:-26449.9
ms:0.450618
sum:-26449.9
4096
ms:23901.9
sum:-8.8051e+06
ms:23910.9
sum:-8.8051e+06
ms:23888.9
sum:-8.8051e+06
8192
ms:385808
sum:266833
ms:387474
sum:266833
ms:383340
sum:266833
12288
ms:1.14962e+06
sum:-6.73889e+07
ms:1.17967e+06
sum:-6.73889e+07
ms:1.1506e+06
sum:-6.73889e+07
