2048
ms:8115.37
sum:1.07665e+06
ms:8053.88
sum:1.07665e+06
ms:8121.74
sum:1.07665e+06
2047
ms:7356.64
sum:-646388
ms:7376.44
sum:-646388
ms:7353.64
sum:-646388
1024
ms:1004.8
sum:-771972
ms:1003.54
sum:-771972
ms:1001.12
sum:-771972
512
ms:127.046
sum:-842284
ms:126.79
sum:-842284
ms:123.969
sum:-842284
256
ms:13.6783
sum:273114
ms:13.5167
sum:273114
ms:13.6984
sum:273114
128
ms:1.41971
sum:-26449.9
ms:1.37933
sum:-26449.9
ms:1.39003
sum:-26449.9
4096
ms:67569.4
sum:-8.8051e+06
ms:68072.4
sum:-8.8051e+06
ms:67947.7
sum:-8.8051e+06
8192
ms:1.25491e+06
sum:266833
ms:1.25179e+06
sum:266833
ms:1.25507e+06
sum:266833
12288
ms:3.42718e+06
sum:-6.73889e+07
ms:3.45983e+06
sum:-6.73889e+07
ms:3.53654e+06
sum:-6.73889e+07
