2048
ms:2702.55
sum:1.07665e+06
ms:2707.43
sum:1.07665e+06
ms:2710.31
sum:1.07665e+06
2047
ms:7433.21
sum:-646388
ms:7405.41
sum:-646388
ms:7432.68
sum:-646388
1024
ms:345.814
sum:-771972
ms:344.039
sum:-771972
ms:344.561
sum:-771972
512
ms:42.7643
sum:-842284
ms:42.5756
sum:-842284
ms:42.7257
sum:-842284
256
ms:4.59866
sum:273114
ms:4.63455
sum:273114
ms:4.61594
sum:273114
128
ms:0.429934
sum:-26449.9
ms:0.399786
sum:-26449.9
ms:0.422962
sum:-26449.9
4096
ms:22393.1
sum:-8.8051e+06
ms:21921.4
sum:-8.8051e+06
ms:22039.7
sum:-8.8051e+06
8192
ms:277612
sum:266833
ms:278280
sum:266833
ms:276938
sum:266833
12288
ms:839105
sum:-6.73889e+07
ms:770054
sum:-6.73889e+07
ms:782593
sum:-6.73889e+07
