2048
ms:3806.67
sum:1.07665e+06
ms:3831.03
sum:1.07665e+06
ms:3807.2
sum:1.07665e+06
2047
ms:8781.01
sum:-646388
ms:8778.88
sum:-646388
ms:8772.15
sum:-646388
1024
ms:431.362
sum:-771972
ms:434.221
sum:-771972
ms:433.302
sum:-771972
512
ms:33.129
sum:-842284
ms:33.5321
sum:-842284
ms:33.4937
sum:-842284
256
ms:4.59874
sum:273114
ms:4.58627
sum:273114
ms:4.57132
sum:273114
128
ms:0.544518
sum:-26449.9
ms:0.545582
sum:-26449.9
ms:0.531948
sum:-26449.9
4096
ms:33744
sum:-8.8051e+06
ms:34044.7
sum:-8.8051e+06
ms:33690.2
sum:-8.8051e+06
8192
ms:270636
sum:266833
ms:269721
sum:266833
ms:270873
sum:266833
12288
ms:913780
sum:-6.73889e+07
ms:912061
sum:-6.73889e+07
ms:912251
sum:-6.73889e+07
