2048
ms:399.75
sum:1.07665e+06
ms:399.212
sum:1.07665e+06
ms:399.414
sum:1.07665e+06
2047
ms:394.576
sum:-646388
ms:396.422
sum:-646388
ms:395.2
sum:-646388
1024
ms:54.9817
sum:-771972
ms:54.92
sum:-771972
ms:54.9817
sum:-771972
512
ms:8.00602
sum:-842284
ms:7.95563
sum:-842284
ms:8.03061
sum:-842284
256
ms:1.44257
sum:273114
ms:1.64156
sum:273114
ms:1.44198
sum:273114
128
ms:0.307946
sum:-26449.9
ms:0.318485
sum:-26449.9
ms:0.31286
sum:-26449.9
4096
ms:3076.81
sum:-8.8051e+06
ms:3078.82
sum:-8.8051e+06
ms:3076.04
sum:-8.8051e+06
8192
ms:25481.6
sum:266833
ms:25466.2
sum:266833
ms:25496.8
sum:266833
12288
ms:83755.6
sum:-6.73889e+07
ms:83331
sum:-6.73889e+07
ms:83159.7
sum:-6.73889e+07
