2048
ms:89.4571
sum:1.07665e+06
2048
ms:91.7823
sum:1.07665e+06
2048
ms:88.5863
sum:1.07665e+06
4096
ms:339.586
sum:-8.8051e+06
4096
ms:348.891
sum:-8.8051e+06
4096
ms:356.194
sum:-8.8051e+06
8192
ms:2103.61
sum:266833
8192
ms:2079.88
sum:266833
8192
ms:2102.98
sum:266833
12288
ms:4839.07
sum:-6.73889e+07
12288
2048
ms:87.5688
sum:1.07665e+06
2048
ms:95.2299
sum:1.07665e+06
2048
ms:92.1348
sum:1.07665e+06
4096
ms:345.979
sum:-8.8051e+06
4096
ms:370.82
sum:-8.8051e+06
4096
ms:353.832
sum:-8.8051e+06
8192
ms:2085.78
sum:266833
8192
ms:2080.68
sum:266833
8192
ms:2093.7
sum:266833
12288
ms:4936.71
sum:-6.73889e+07
12288
ms:4874.32
sum:-6.73889e+07
12288
ms:4901.09
sum:-6.73889e+07
